  コンピューターが暴走する.peaceful.cpp
C:\Users\mrsuperbuddy\source\repos\コンピューターが暴走する.peaceful\コンピューターが暴走する.peaceful\コンピューターが暴走する.peaceful.cpp(174,7): warning C4552: "<": результат выражения не используется
C:\Users\mrsuperbuddy\source\repos\コンピューターが暴走する.peaceful\コンピューターが暴走する.peaceful\コンピューターが暴走する.peaceful.cpp(184,10): warning C4552: "<": результат выражения не используется
C:\Users\mrsuperbuddy\source\repos\コンピューターが暴走する.peaceful\コンピューターが暴走する.peaceful\コンピューターが暴走する.peaceful.cpp(189,10): warning C4552: "<": результат выражения не используется
C:\Users\mrsuperbuddy\source\repos\コンピューターが暴走する.peaceful\コンピューターが暴走する.peaceful\コンピューターが暴走する.peaceful.cpp(235,12): warning C4244: инициализация: преобразование "double" в "float", возможна потеря данных
C:\Users\mrsuperbuddy\source\repos\コンピューターが暴走する.peaceful\コンピューターが暴走する.peaceful\コンピューターが暴走する.peaceful.cpp(236,16): warning C4244: аргумент: преобразование "float" в "int", возможна потеря данных
C:\Users\mrsuperbuddy\source\repos\コンピューターが暴走する.peaceful\コンピューターが暴走する.peaceful\コンピューターが暴走する.peaceful.cpp(259,12): warning C4244: инициализация: преобразование "double" в "float", возможна потеря данных
C:\Users\mrsuperbuddy\source\repos\コンピューターが暴走する.peaceful\コンピューターが暴走する.peaceful\コンピューターが暴走する.peaceful.cpp(260,16): warning C4244: аргумент: преобразование "float" в "int", возможна потеря данных
C:\Users\mrsuperbuddy\source\repos\コンピューターが暴走する.peaceful\コンピューターが暴走する.peaceful\コンピューターが暴走する.peaceful.cpp(280,13): warning C4244: инициализация: преобразование "double" в "int", возможна потеря данных
C:\Users\mrsuperbuddy\source\repos\コンピューターが暴走する.peaceful\コンピューターが暴走する.peaceful\コンピューターが暴走する.peaceful.cpp(299,13): warning C4244: инициализация: преобразование "double" в "int", возможна потеря данных
C:\Users\mrsuperbuddy\source\repos\コンピューターが暴走する.peaceful\コンピューターが暴走する.peaceful\コンピューターが暴走する.peaceful.cpp(345,14): warning C4244: инициализация: преобразование "int" в "FLOAT", возможна потеря данных
C:\Users\mrsuperbuddy\source\repos\コンピューターが暴走する.peaceful\コンピューターが暴走する.peaceful\コンピューターが暴走する.peaceful.cpp(399,14): warning C4244: инициализация: преобразование "INT" в "FLOAT", возможна потеря данных
C:\Users\mrsuperbuddy\source\repos\コンピューターが暴走する.peaceful\コンピューターが暴走する.peaceful\コンピューターが暴走する.peaceful.cpp(455,14): warning C4244: инициализация: преобразование "int" в "FLOAT", возможна потеря данных
C:\Users\mrsuperbuddy\source\repos\コンピューターが暴走する.peaceful\コンピューターが暴走する.peaceful\コンピューターが暴走する.peaceful.cpp(589,77): warning C4293: >>: отрицательное или слишком большое смещение; поведение не определено
C:\Users\mrsuperbuddy\source\repos\コンピューターが暴走する.peaceful\コンピューターが暴走する.peaceful\コンピューターが暴走する.peaceful.cpp(589,116): warning C4293: >>: отрицательное или слишком большое смещение; поведение не определено
C:\Users\mrsuperbuddy\source\repos\コンピューターが暴走する.peaceful\コンピューターが暴走する.peaceful\コンピューターが暴走する.peaceful.cpp(589,184): warning C4554: "|": проверьте приоритет операторов на ошибки; для уточнения приоритета используйте скобки
C:\Users\mrsuperbuddy\source\repos\コンピューターが暴走する.peaceful\コンピューターが暴走する.peaceful\コンピューターが暴走する.peaceful.cpp(589,162): warning C4244: =: преобразование "unsigned long" в "char", возможна потеря данных
C:\Users\mrsuperbuddy\source\repos\コンピューターが暴走する.peaceful\コンピューターが暴走する.peaceful\コンピューターが暴走する.peaceful.cpp(645,60): warning C4554: ">>": проверьте приоритет операторов на ошибки; для уточнения приоритета используйте скобки
C:\Users\mrsuperbuddy\source\repos\コンピューターが暴走する.peaceful\コンピューターが暴走する.peaceful\コンピューターが暴走する.peaceful.cpp(659,54): warning C4293: >>: отрицательное или слишком большое смещение; поведение не определено
C:\Users\mrsuperbuddy\source\repos\コンピューターが暴走する.peaceful\コンピューターが暴走する.peaceful\コンピューターが暴走する.peaceful.cpp(684,24): warning C4129: Y: неизвестная escape-последовательность
C:\Users\mrsuperbuddy\source\repos\コンピューターが暴走する.peaceful\コンピューターが暴走する.peaceful\コンピューターが暴走する.peaceful.cpp(684,24): warning C4129: I: неизвестная escape-последовательность
C:\Users\mrsuperbuddy\source\repos\コンピューターが暴走する.peaceful\コンピューターが暴走する.peaceful\コンピューターが暴走する.peaceful.cpp(690,25): warning C4129: Y: неизвестная escape-последовательность
C:\Users\mrsuperbuddy\source\repos\コンピューターが暴走する.peaceful\コンピューターが暴走する.peaceful\コンピューターが暴走する.peaceful.cpp(690,25): warning C4129: I: неизвестная escape-последовательность
C:\Users\mrsuperbuddy\source\repos\コンピューターが暴走する.peaceful\コンピューターが暴走する.peaceful\コンピューターが暴走する.peaceful.cpp(690,25): warning C4129: N: неизвестная escape-последовательность
  Создание кода
  1 of 27 functions ( 3.7%) were compiled, the rest were copied from previous compilation.
    0 functions were new in current compilation
    0 functions had inline decision re-evaluated but remain unchanged
  Создание кода завершено
  コンピューターが暴走する.peaceful.vcxproj -> C:\Users\mrsuperbuddy\source\repos\コンピューターが暴走する.peaceful\Release\コンピューターが暴走する.peaceful.exe
